<?xml version="1.0" encoding="UTF-8"?>
<!-- Generated by org.testng.reporters.JUnitReportReporter -->
<testsuite hostname="DESKTOP-M64MAKE" failures="0" tests="1" name="CaliTwoTestRunner.TestRunner_Cali" time="48.375" errors="0" timestamp="2021-08-08T09:30:49 PDT" skipped="0">
  <testcase classname="CaliTwoTestRunner.TestRunner_Cali" name="feature" time="48.375"/>
  <system-out/>
</testsuite> <!-- CaliTwoTestRunner.TestRunner_Cali -->
